<?xml version="1.0" encoding="UTF-8"?>
<!-- Generated by org.testng.reporters.JUnitReportReporter -->
<testsuite skipped="0" hostname="DESKTOP-9N5DA0Q" name="com.testng.OrangeHRMLogin" tests="1" failures="0" timestamp="2020-09-15T11:18:56 IST" time="7.702" errors="0">
  <testcase name="admin" time="7.702" classname="com.testng.OrangeHRMLogin"/>
  <system-out/>
</testsuite> <!-- com.testng.OrangeHRMLogin -->
