<?xml version="1.0" encoding="UTF-8"?>
<!-- Generated by org.testng.reporters.JUnitReportReporter -->
<testsuite skipped="0" hostname="DESKTOP-9N5DA0Q" name="com.testng.ParallelExecution" tests="3" failures="0" timestamp="2020-09-15T11:18:56 IST" time="0.047" errors="0">
  <testcase name="testCase1" time="0.009" classname="com.testng.ParallelExecution"/>
  <system-out/>
  <testcase name="testCase2" time="0.029" classname="com.testng.ParallelExecution"/>
  <system-out/>
  <testcase name="testCase3" time="0.009" classname="com.testng.ParallelExecution"/>
  <system-out/>
</testsuite> <!-- com.testng.ParallelExecution -->
