<?xml version="1.0" encoding="UTF-8"?>
<!-- Generated by org.testng.reporters.JUnitReportReporter -->
<testsuite skipped="0" hostname="DESKTOP-9N5DA0Q" name="com.testng.PriorityTestCase" tests="3" failures="0" timestamp="2020-09-15T20:27:52 IST" time="0.014" errors="0">
  <testcase name="testCase3" time="0.009" classname="com.testng.PriorityTestCase"/>
  <system-out/>
  <testcase name="testCase1" time="0.002" classname="com.testng.PriorityTestCase"/>
  <system-out/>
  <testcase name="testCase2" time="0.003" classname="com.testng.PriorityTestCase"/>
  <system-out/>
</testsuite> <!-- com.testng.PriorityTestCase -->
