<?xml version="1.0" encoding="UTF-8"?>
<!-- Generated by org.testng.reporters.JUnitReportReporter -->
<testsuite skipped="0" hostname="DESKTOP-9N5DA0Q" name="com.testng.ParallelExecution1" tests="3" failures="0" timestamp="2020-09-15T11:18:56 IST" time="0.008" errors="0">
  <testcase name="testCase5" time="0.002" classname="com.testng.ParallelExecution1"/>
  <system-out/>
  <testcase name="testCase4" time="0.004" classname="com.testng.ParallelExecution1"/>
  <system-out/>
  <testcase name="testCase6" time="0.002" classname="com.testng.ParallelExecution1"/>
  <system-out/>
</testsuite> <!-- com.testng.ParallelExecution1 -->
