<?xml version="1.0" encoding="UTF-8"?>
<!-- Generated by org.testng.reporters.JUnitReportReporter -->
<testsuite skipped="0" hostname="DESKTOP-9N5DA0Q" name="com.testng.ParameterizedFlipkartData" tests="3" failures="0" timestamp="2020-09-15T18:46:21 IST" time="31.305" errors="0">
  <testcase name="loginToflipkart" time="8.908" classname="com.testng.ParameterizedFlipkartData"/>
  <system-out/>
  <testcase name="loginToflipkart" time="11.521" classname="com.testng.ParameterizedFlipkartData"/>
  <system-out/>
  <testcase name="loginToflipkart" time="10.876" classname="com.testng.ParameterizedFlipkartData"/>
  <system-out/>
</testsuite> <!-- com.testng.ParameterizedFlipkartData -->
