<?xml version="1.0" encoding="UTF-8"?>
<!-- Generated by org.testng.reporters.JUnitReportReporter -->
<testsuite skipped="0" hostname="DESKTOP-9N5DA0Q" name="com.testng.SampleTestCase" tests="1" failures="0" timestamp="2020-09-15T13:42:23 IST" time="0.011" errors="0">
  <testcase name="testCase1" time="0.011" classname="com.testng.SampleTestCase"/>
  <system-out/>
</testsuite> <!-- com.testng.SampleTestCase -->
