<?xml version="1.0" encoding="UTF-8"?>
<!-- Generated by org.testng.reporters.JUnitReportReporter -->
<testsuite skipped="0" hostname="DESKTOP-9N5DA0Q" name="com.testng.CrossBrowser" tests="2" failures="0" timestamp="2020-09-15T20:36:30 IST" time="33.253" errors="0">
  <testcase name="orangeHRM" time="15.480" classname="com.testng.CrossBrowser"/>
  <system-out/>
  <testcase name="orangeHRM" time="17.773" classname="com.testng.CrossBrowser"/>
  <system-out/>
</testsuite> <!-- com.testng.CrossBrowser -->
