<?xml version="1.0" encoding="UTF-8"?>
<!-- Generated by org.testng.reporters.JUnitReportReporter -->
<testsuite skipped="0" hostname="DESKTOP-9N5DA0Q" name="com.testng.DependsOnGroup" tests="2" failures="0" timestamp="2020-09-15T20:17:05 IST" time="0.013" errors="0">
  <testcase name="logout" time="0.001" classname="com.testng.DependsOnGroup"/>
  <system-out/>
  <testcase name="login" time="0.012" classname="com.testng.DependsOnGroup"/>
  <system-out/>
</testsuite> <!-- com.testng.DependsOnGroup -->
