<?xml version="1.0" encoding="UTF-8"?>
<!-- Generated by org.testng.reporters.JUnitReportReporter -->
<testsuite skipped="0" hostname="DESKTOP-9N5DA0Q" name="com.testng.FlipkartLogin" tests="1" failures="0" timestamp="2020-09-16T09:32:01 IST" time="4.216" errors="0">
  <testcase name="search" time="4.216" classname="com.testng.FlipkartLogin"/>
  <system-out/>
</testsuite> <!-- com.testng.FlipkartLogin -->
